root@node1:/var/log/supervisor# cat flocker-plugin-stderr---supervisor-Bzxyf6.log
:0: UserWarning: You do not have a working installation of the service_identity module: 'No module named service_identity'.  Please install it from <https://pypi.python.org/pypi/service_identity> and make sure all of its dependencies are satisfied.  Without the service_identity module and a recent enough pyOpenSSL to support it, Twisted can perform only rudimentary TLS client hostname verification.  Many valid certificate/hostname mappings may be rejected.
root@node1:/var/log/supervisor# cat flocker-plugin-stdout---supervisor-Su2qkH.log
2015-05-19 13:01:49+0000 [-] Log opened.
2015-05-19 13:01:49+0000 [-] twistd 15.1.0 (/usr/bin/python 2.7.6) starting up.
2015-05-19 13:01:49+0000 [-] reactor class: twisted.internet.epollreactor.EPollReactor.
2015-05-19 13:01:49+0000 [-] Site starting on '/usr/share/docker/plugins/flocker.sock'
2015-05-19 13:01:49+0000 [-] Starting factory <twisted.web.server.Site instance at 0x7f28aa678638>
2015-05-19 13:07:18+0000 [HTTPChannel,0,] "-" - - [19/May/2015:13:07:17 +0000] "POST /Plugin.Activate HTTP/1.1" 200 32 "-" "Go 1.1 package http"
2015-05-19 13:07:18+0000 [HTTPChannel,0,] create: {"Name":"dataapples"}
2015-05-19 13:07:18+0000 [HTTPChannel,0,]
2015-05-19 13:07:18+0000 [HTTPChannel,0,] "-" - - [19/May/2015:13:07:17 +0000] "POST /VolumeDriver.Create HTTP/1.1" 200 13 "-" "Go 1.1 package http"
2015-05-19 13:07:18+0000 [HTTPChannel,0,] >>> called with {u'Name': u'dataapples'}
2015-05-19 13:07:18+0000 [HTTPChannel,0,] {'TERM': 'linux', 'MY_HOST_UUID': '535c9f2d-a414-486e-9c68-cd080fd87fb1', 'SUPERVISOR_ENABLED': '1', 'UPSTART_JOB': 'rc', 'UPSTART_INSTANCE': '', 'SHLVL': '1', 'OLDPWD': '/', 'RUNLEVEL': '2', 'MY_NETWORK_IDENTITY': '172.16.255.241', 'PREVLEVEL': 'N', 'UPSTART_EVENTS': 'runlevel', 'PWD': '/root/powerstrip-flocker', 'FLOCKER_CONTROL_SERVICE_BASE_URL': 'http://172.16.255.240:4523/v1', 'SUPERVISOR_SERVER_URL': 'unix:///var/run/supervisor.sock', 'SUPERVISOR_GROUP_NAME': 'flocker-plugin', 'runlevel': '2', 'SUPERVISOR_PROCESS_NAME': 'flocker-plugin', 'PATH': '/usr/local/sbin:/usr/local/bin:/sbin:/bin:/usr/sbin:/usr/bin', '_': '/usr/local/bin/twistd', 'previous': 'N'}
2015-05-19 13:07:18+0000 [HTTPChannel,0,] Starting factory <twisted.web.client._HTTP11ClientFactory instance at 0x7f28aa2223f8>
2015-05-19 13:07:18+0000 [HTTP11ClientProtocol,client] Starting factory <twisted.web.client._HTTP11ClientFactory instance at 0x7f28aa222f80>
2015-05-19 13:07:18+0000 [HTTP11ClientProtocol,client] Stopping factory <twisted.web.client._HTTP11ClientFactory instance at 0x7f28aa2223f8>
2015-05-19 13:07:18+0000 [HTTP11ClientProtocol,client] got json_parsed... {u'Name': u'dataapples'}
2015-05-19 13:07:18+0000 [HTTP11ClientProtocol,client] Starting factory <twisted.web.client._HTTP11ClientFactory instance at 0x7f28aa241908>
2015-05-19 13:07:18+0000 [HTTP11ClientProtocol,client] Stopping factory <twisted.web.client._HTTP11ClientFactory instance at 0x7f28aa222f80>
2015-05-19 13:07:18+0000 [HTTP11ClientProtocol,client] wait_until_volume_in_place while processing dataapples got result {u'deleted': False, u'dataset_id': u'2fab15cc-4b32-45bd-80ed-bdc58b5dc1c2', u'primary': u'e50d9282-8b54-bd4f-ccdc-d5810ad8c6e0', u'metadata': {u'name': u'dataapples'}}
2015-05-19 13:07:18+0000 [HTTP11ClientProtocol,client] Starting factory <twisted.web.client._HTTP11ClientFactory instance at 0x7f28aa250170>
2015-05-19 13:07:18+0000 [HTTP11ClientProtocol,client] Stopping factory <twisted.web.client._HTTP11ClientFactory instance at 0x7f28aa241908>
2015-05-19 13:07:18+0000 [HTTP11ClientProtocol,client] Got 172.16.255.241 e50d9282-8b54-bd4f-ccdc-d5810ad8c6e0 datasets: []
2015-05-19 13:07:18+0000 [HTTP11ClientProtocol,client] Stopping factory <twisted.web.client._HTTP11ClientFactory instance at 0x7f28aa250170>
2015-05-19 13:07:18+0000 [-] Starting factory <twisted.web.client._HTTP11ClientFactory instance at 0x7f28aa241fc8>
2015-05-19 13:07:18+0000 [HTTP11ClientProtocol,client] Got 172.16.255.241 e50d9282-8b54-bd4f-ccdc-d5810ad8c6e0 datasets: []
2015-05-19 13:07:18+0000 [HTTP11ClientProtocol,client] Stopping factory <twisted.web.client._HTTP11ClientFactory instance at 0x7f28aa241fc8>
2015-05-19 13:07:19+0000 [-] Starting factory <twisted.web.client._HTTP11ClientFactory instance at 0x7f28aa222f80>
2015-05-19 13:07:19+0000 [HTTP11ClientProtocol,client] Got 172.16.255.241 e50d9282-8b54-bd4f-ccdc-d5810ad8c6e0 datasets: []
2015-05-19 13:07:19+0000 [HTTP11ClientProtocol,client] Stopping factory <twisted.web.client._HTTP11ClientFactory instance at 0x7f28aa222f80>
2015-05-19 13:07:19+0000 [-] Starting factory <twisted.web.client._HTTP11ClientFactory instance at 0x7f28aa2505a8>
2015-05-19 13:07:19+0000 [HTTP11ClientProtocol,client] Got 172.16.255.241 e50d9282-8b54-bd4f-ccdc-d5810ad8c6e0 datasets: []
2015-05-19 13:07:19+0000 [HTTP11ClientProtocol,client] Stopping factory <twisted.web.client._HTTP11ClientFactory instance at 0x7f28aa2505a8>
2015-05-19 13:07:19+0000 [-] Starting factory <twisted.web.client._HTTP11ClientFactory instance at 0x7f28aa250b00>
2015-05-19 13:07:19+0000 [HTTP11ClientProtocol,client] Got 172.16.255.241 e50d9282-8b54-bd4f-ccdc-d5810ad8c6e0 datasets: []
2015-05-19 13:07:19+0000 [HTTP11ClientProtocol,client] Stopping factory <twisted.web.client._HTTP11ClientFactory instance at 0x7f28aa250b00>